[debug] [2021-02-06T04:14:22.445Z] ----------------------------------------------------------------------
[debug] [2021-02-06T04:14:22.447Z] Command:       C:\Program Files\nodejs\node.exe C:\Users\matth\AppData\Roaming\npm\node_modules\firebase-tools\lib\bin\firebase.js init
[debug] [2021-02-06T04:14:22.447Z] CLI Version:   9.3.0
[debug] [2021-02-06T04:14:22.447Z] Platform:      win32
[debug] [2021-02-06T04:14:22.447Z] Node Version:  v14.0.0
[debug] [2021-02-06T04:14:22.448Z] Time:          Fri Feb 05 2021 20:14:22 GMT-0800 (Pacific Standard Time)
[debug] [2021-02-06T04:14:22.448Z] ----------------------------------------------------------------------
[debug] [2021-02-06T04:14:22.448Z] 
[debug] [2021-02-06T04:14:22.450Z] >>> [apiv2][query] GET https://firebase-public.firebaseio.com/cli.json [none]
[debug] [2021-02-06T04:14:22.460Z] > command requires scopes: ["email","openid","https://www.googleapis.com/auth/cloudplatformprojects.readonly","https://www.googleapis.com/auth/firebase","https://www.googleapis.com/auth/cloud-platform"]
[debug] [2021-02-06T04:14:22.460Z] > authorizing via signed-in user
[info] 
     ######## #### ########  ######## ########     ###     ######  ########
     ##        ##  ##     ## ##       ##     ##  ##   ##  ##       ##
     ######    ##  ########  ######   ########  #########  ######  ######
     ##        ##  ##    ##  ##       ##     ## ##     ##       ## ##
     ##       #### ##     ## ######## ########  ##     ##  ######  ########

You're about to initialize a Firebase project in this directory:

  C:\Users\matth\@dev\Portfolio

[debug] [2021-02-06T04:14:22.695Z] <<< [apiv2][status] GET https://firebase-public.firebaseio.com/cli.json 200
[debug] [2021-02-06T04:14:22.696Z] <<< [apiv2][body] GET https://firebase-public.firebaseio.com/cli.json {"cloudBuildErrorAfter":1594252800000,"cloudBuildWarnAfter":1590019200000,"defaultNode10After":1594252800000,"minVersion":"3.0.5","node8DeploysDisabledAfter":1613390400000,"node8RuntimeDisabledAfter":1615809600000,"node8WarnAfter":1600128000000}
